01:35:39.387 INFO  manager.AppManager - Chrome driver was opened
01:35:40.795 INFO  manager.AppManager - Current URL is ---> https://ilcarro-1578153671498.web.app/search
01:35:40.838 INFO  TestBase - START TEST WITH NAME: addCarSuccessDP
01:35:40.839 INFO  TestBase - Authorization check
01:35:40.840 INFO  manager.ListenerWD - BeforeFindElements by ---> By.xpath: //a[text() = ' Logout ']
01:35:45.897 INFO  manager.ListenerWD - AfterFindElements by ---> By.xpath: //a[text() = ' Logout ']
01:35:45.897 INFO  manager.ListenerWD - List size: 0
01:35:45.898 INFO  manager.ListenerWD - BeforeFindElement by ---> By.cssSelector: a[href ^='/login']
01:35:45.938 INFO  manager.ListenerWD - AfterFindElement by ---> By.cssSelector: a[href ^='/login']
01:35:45.983 INFO  manager.ListenerWD - BeforeFindElement by ---> By.xpath: //input[@id = 'email']
01:35:46.005 INFO  manager.ListenerWD - AfterFindElement by ---> By.xpath: //input[@id = 'email']
01:35:46.097 INFO  manager.ListenerWD - BeforeFindElement by ---> By.xpath: //input[@id = 'password']
01:35:46.117 INFO  manager.ListenerWD - AfterFindElement by ---> By.xpath: //input[@id = 'password']
01:35:46.210 INFO  manager.ListenerWD - BeforeFindElement by ---> By.xpath: //button[contains(text(),'alla!')]
01:35:46.230 INFO  manager.ListenerWD - AfterFindElement by ---> By.xpath: //button[contains(text(),'alla!')]
01:35:46.265 INFO  manager.ListenerWD - BeforeFindElements by ---> By.xpath: //button[text()='Ok']
01:35:46.783 INFO  manager.ListenerWD - AfterFindElements by ---> By.xpath: //button[text()='Ok']
01:35:46.784 INFO  manager.ListenerWD - List size: 1
01:35:46.784 INFO  manager.ListenerWD - BeforeFindElement by ---> By.xpath: //button[text()='Ok']
01:35:46.801 INFO  manager.ListenerWD - AfterFindElement by ---> By.xpath: //button[text()='Ok']
01:35:46.835 INFO  TestBase - User login: marinas@gmail.com Mmarina12345$
01:35:47.361 INFO  manager.ListenerWD - BeforeFindElement by ---> By.id: 1
01:35:47.400 INFO  manager.ListenerWD - AfterFindElement by ---> By.id: 1
01:35:47.466 INFO  manager.ListenerWD - BeforeFindElement by ---> By.id: pickUpPlace
01:35:47.490 INFO  manager.ListenerWD - AfterFindElement by ---> By.id: pickUpPlace
01:35:47.604 INFO  manager.ListenerWD - BeforeFindElement by ---> By.cssSelector: div.pac-item
01:35:48.185 INFO  manager.ListenerWD - AfterFindElement by ---> By.cssSelector: div.pac-item
01:35:48.727 INFO  manager.ListenerWD - BeforeFindElement by ---> By.id: make
01:35:48.766 INFO  manager.ListenerWD - AfterFindElement by ---> By.id: make
01:35:48.867 INFO  manager.ListenerWD - BeforeFindElement by ---> By.id: model
01:35:48.882 INFO  manager.ListenerWD - AfterFindElement by ---> By.id: model
01:35:48.978 INFO  manager.ListenerWD - BeforeFindElement by ---> By.id: year
01:35:48.998 INFO  manager.ListenerWD - AfterFindElement by ---> By.id: year
01:35:49.100 INFO  manager.ListenerWD - BeforeFindElement by ---> By.id: engine
01:35:49.119 INFO  manager.ListenerWD - AfterFindElement by ---> By.id: engine
01:35:49.214 INFO  manager.ListenerWD - BeforeFindElement by ---> By.id: fuel
01:35:49.237 INFO  manager.ListenerWD - AfterFindElement by ---> By.id: fuel
01:35:49.305 INFO  manager.ListenerWD - BeforeFindElement by ---> By.id: gear
01:35:49.323 INFO  manager.ListenerWD - AfterFindElement by ---> By.id: gear
01:35:49.390 INFO  manager.ListenerWD - BeforeFindElement by ---> By.id: wheelsDrive
01:35:49.407 INFO  manager.ListenerWD - AfterFindElement by ---> By.id: wheelsDrive
01:35:49.481 INFO  manager.ListenerWD - BeforeFindElement by ---> By.id: doors
01:35:49.504 INFO  manager.ListenerWD - AfterFindElement by ---> By.id: doors
01:35:49.601 INFO  manager.ListenerWD - BeforeFindElement by ---> By.id: seats
01:35:49.616 INFO  manager.ListenerWD - AfterFindElement by ---> By.id: seats
01:35:49.727 INFO  manager.ListenerWD - BeforeFindElement by ---> By.id: class
01:35:49.751 INFO  manager.ListenerWD - AfterFindElement by ---> By.id: class
01:35:49.844 INFO  manager.ListenerWD - BeforeFindElement by ---> By.id: fuelConsumption
01:35:49.860 INFO  manager.ListenerWD - AfterFindElement by ---> By.id: fuelConsumption
01:35:49.976 INFO  manager.ListenerWD - BeforeFindElement by ---> By.id: serialNumber
01:35:49.991 INFO  manager.ListenerWD - AfterFindElement by ---> By.id: serialNumber
01:35:50.095 INFO  manager.ListenerWD - BeforeFindElement by ---> By.id: price
01:35:50.108 INFO  manager.ListenerWD - AfterFindElement by ---> By.id: price
01:35:50.211 INFO  manager.ListenerWD - BeforeFindElement by ---> By.id: distance
01:35:50.231 INFO  manager.ListenerWD - AfterFindElement by ---> By.id: distance
01:35:50.334 INFO  manager.ListenerWD - BeforeFindElement by ---> By.cssSelector: .feature-input
01:35:50.350 INFO  manager.ListenerWD - AfterFindElement by ---> By.cssSelector: .feature-input
01:35:50.446 INFO  manager.ListenerWD - BeforeFindElement by ---> By.id: about
01:35:50.462 INFO  manager.ListenerWD - AfterFindElement by ---> By.id: about
01:35:50.547 INFO  TestBase - Car: Car(location=Haifa,Israel, make=BMW, model=M5, year=2020, engine=2.5, fuel=Petrol, gear=AT, wD=AWD, doors=5, seats=4, clasS=C, fuelConsumption=6.5, carRegistrationNumber=123-123-123, price=65, distanceIncluded=5, features=800, about=Type of features)
01:35:50.549 INFO  manager.ListenerWD - BeforeFindElement by ---> By.id: photos
01:35:50.562 INFO  manager.ListenerWD - AfterFindElement by ---> By.id: photos
01:35:50.608 INFO  manager.ListenerWD - BeforeFindElement by ---> By.cssSelector: button[type='submit']
01:35:50.625 INFO  manager.ListenerWD - AfterFindElement by ---> By.cssSelector: button[type='submit']
01:35:51.743 INFO  manager.ListenerWD - BeforeFindElement by ---> By.cssSelector: button[type='submit']
01:35:51.768 INFO  manager.ListenerWD - AfterFindElement by ---> By.cssSelector: button[type='submit']
01:35:51.819 INFO  manager.ListenerWD - BeforeFindElement by ---> By.cssSelector: div.dialog-container
01:35:53.074 INFO  manager.ListenerWD - AfterFindElement by ---> By.cssSelector: div.dialog-container
01:35:53.095 INFO  manager.ListenerWD - BeforeFindElement by ---> By.cssSelector: div.dialog-container>h1
01:35:53.120 INFO  manager.ListenerWD - AfterFindElement by ---> By.cssSelector: div.dialog-container>h1
01:35:53.137 INFO  TestBase - ASSERT passed: 'Car added' title message is appear 
01:35:53.141 INFO  manager.ListenerWD - BeforeFindElement by ---> By.xpath: //button[text()='Search cars']
01:35:53.164 INFO  manager.ListenerWD - AfterFindElement by ---> By.xpath: //button[text()='Search cars']
01:35:53.195 INFO  TestBase - START TEST WITH NAME: addCarSuccessDP
01:35:53.195 INFO  TestBase - Authorization check
01:35:53.196 INFO  manager.ListenerWD - BeforeFindElements by ---> By.xpath: //a[text() = ' Logout ']
01:35:53.207 INFO  manager.ListenerWD - AfterFindElements by ---> By.xpath: //a[text() = ' Logout ']
01:35:53.207 INFO  manager.ListenerWD - List size: 1
01:35:53.207 INFO  TestBase - Authorized.
01:35:53.711 INFO  manager.ListenerWD - BeforeFindElement by ---> By.id: 1
01:35:53.723 INFO  manager.ListenerWD - AfterFindElement by ---> By.id: 1
01:35:53.761 INFO  manager.ListenerWD - BeforeFindElement by ---> By.id: pickUpPlace
01:35:53.774 INFO  manager.ListenerWD - AfterFindElement by ---> By.id: pickUpPlace
01:35:53.867 INFO  manager.ListenerWD - BeforeFindElement by ---> By.cssSelector: div.pac-item
01:35:54.083 INFO  manager.ListenerWD - AfterFindElement by ---> By.cssSelector: div.pac-item
01:35:54.642 INFO  manager.ListenerWD - BeforeFindElement by ---> By.id: make
01:35:54.667 INFO  manager.ListenerWD - AfterFindElement by ---> By.id: make
01:35:54.762 INFO  manager.ListenerWD - BeforeFindElement by ---> By.id: model
01:35:54.775 INFO  manager.ListenerWD - AfterFindElement by ---> By.id: model
01:35:54.862 INFO  manager.ListenerWD - BeforeFindElement by ---> By.id: year
01:35:54.871 INFO  manager.ListenerWD - AfterFindElement by ---> By.id: year
01:35:54.980 INFO  manager.ListenerWD - BeforeFindElement by ---> By.id: engine
01:35:54.992 INFO  manager.ListenerWD - AfterFindElement by ---> By.id: engine
01:35:55.088 INFO  manager.ListenerWD - BeforeFindElement by ---> By.id: fuel
01:35:55.103 INFO  manager.ListenerWD - AfterFindElement by ---> By.id: fuel
01:35:55.172 INFO  manager.ListenerWD - BeforeFindElement by ---> By.id: gear
01:35:55.186 INFO  manager.ListenerWD - AfterFindElement by ---> By.id: gear
01:35:55.248 INFO  manager.ListenerWD - BeforeFindElement by ---> By.id: wheelsDrive
01:35:55.262 INFO  manager.ListenerWD - AfterFindElement by ---> By.id: wheelsDrive
01:35:55.331 INFO  manager.ListenerWD - BeforeFindElement by ---> By.id: doors
01:35:55.346 INFO  manager.ListenerWD - AfterFindElement by ---> By.id: doors
01:35:55.447 INFO  manager.ListenerWD - BeforeFindElement by ---> By.id: seats
01:35:55.461 INFO  manager.ListenerWD - AfterFindElement by ---> By.id: seats
01:35:55.562 INFO  manager.ListenerWD - BeforeFindElement by ---> By.id: class
01:35:55.577 INFO  manager.ListenerWD - AfterFindElement by ---> By.id: class
01:35:55.676 INFO  manager.ListenerWD - BeforeFindElement by ---> By.id: fuelConsumption
01:35:55.692 INFO  manager.ListenerWD - AfterFindElement by ---> By.id: fuelConsumption
01:35:55.806 INFO  manager.ListenerWD - BeforeFindElement by ---> By.id: serialNumber
01:35:55.822 INFO  manager.ListenerWD - AfterFindElement by ---> By.id: serialNumber
01:35:55.927 INFO  manager.ListenerWD - BeforeFindElement by ---> By.id: price
01:35:55.936 INFO  manager.ListenerWD - AfterFindElement by ---> By.id: price
01:35:56.050 INFO  manager.ListenerWD - BeforeFindElement by ---> By.id: distance
01:35:56.063 INFO  manager.ListenerWD - AfterFindElement by ---> By.id: distance
01:35:56.174 INFO  manager.ListenerWD - BeforeFindElement by ---> By.cssSelector: .feature-input
01:35:56.186 INFO  manager.ListenerWD - AfterFindElement by ---> By.cssSelector: .feature-input
01:35:56.271 INFO  manager.ListenerWD - BeforeFindElement by ---> By.id: about
01:35:56.286 INFO  manager.ListenerWD - AfterFindElement by ---> By.id: about
01:35:56.374 INFO  TestBase - Car: Car(location=Haifa,Israel, make=BMW, model=M5, year=2020, engine=2.5, fuel=Petrol, gear=AT, wD=AWD, doors=5, seats=4, clasS=C, fuelConsumption=6.5, carRegistrationNumber=123-123-124, price=65, distanceIncluded=5, features=800, about=Type of features)
01:35:56.375 INFO  manager.ListenerWD - BeforeFindElement by ---> By.id: photos
01:35:56.387 INFO  manager.ListenerWD - AfterFindElement by ---> By.id: photos
01:35:56.422 INFO  manager.ListenerWD - BeforeFindElement by ---> By.cssSelector: button[type='submit']
01:35:56.436 INFO  manager.ListenerWD - AfterFindElement by ---> By.cssSelector: button[type='submit']
01:35:57.537 INFO  manager.ListenerWD - BeforeFindElement by ---> By.cssSelector: button[type='submit']
01:35:57.552 INFO  manager.ListenerWD - AfterFindElement by ---> By.cssSelector: button[type='submit']
01:35:57.590 INFO  manager.ListenerWD - BeforeFindElement by ---> By.cssSelector: div.dialog-container
01:35:58.660 INFO  manager.ListenerWD - AfterFindElement by ---> By.cssSelector: div.dialog-container
01:35:58.684 INFO  manager.ListenerWD - BeforeFindElement by ---> By.cssSelector: div.dialog-container>h1
01:35:58.703 INFO  manager.ListenerWD - AfterFindElement by ---> By.cssSelector: div.dialog-container>h1
01:35:58.716 INFO  TestBase - ASSERT passed: 'Car added' title message is appear 
01:35:58.718 INFO  manager.ListenerWD - BeforeFindElement by ---> By.xpath: //button[text()='Search cars']
01:35:58.763 INFO  manager.ListenerWD - AfterFindElement by ---> By.xpath: //button[text()='Search cars']
01:35:58.801 INFO  TestBase - START TEST WITH NAME: addCarSuccessDP
01:35:58.801 INFO  TestBase - Authorization check
01:35:58.801 INFO  manager.ListenerWD - BeforeFindElements by ---> By.xpath: //a[text() = ' Logout ']
01:35:58.817 INFO  manager.ListenerWD - AfterFindElements by ---> By.xpath: //a[text() = ' Logout ']
01:35:58.817 INFO  manager.ListenerWD - List size: 1
01:35:58.817 INFO  TestBase - Authorized.
01:35:59.327 INFO  manager.ListenerWD - BeforeFindElement by ---> By.id: 1
01:35:59.354 INFO  manager.ListenerWD - AfterFindElement by ---> By.id: 1
01:35:59.395 INFO  manager.ListenerWD - BeforeFindElement by ---> By.id: pickUpPlace
01:35:59.406 INFO  manager.ListenerWD - AfterFindElement by ---> By.id: pickUpPlace
01:35:59.498 INFO  manager.ListenerWD - BeforeFindElement by ---> By.cssSelector: div.pac-item
01:35:59.768 INFO  manager.ListenerWD - AfterFindElement by ---> By.cssSelector: div.pac-item
01:36:00.320 INFO  manager.ListenerWD - BeforeFindElement by ---> By.id: make
01:36:00.346 INFO  manager.ListenerWD - AfterFindElement by ---> By.id: make
01:36:00.456 INFO  manager.ListenerWD - BeforeFindElement by ---> By.id: model
01:36:00.469 INFO  manager.ListenerWD - AfterFindElement by ---> By.id: model
01:36:00.559 INFO  manager.ListenerWD - BeforeFindElement by ---> By.id: year
01:36:00.572 INFO  manager.ListenerWD - AfterFindElement by ---> By.id: year
01:36:00.679 INFO  manager.ListenerWD - BeforeFindElement by ---> By.id: engine
01:36:00.689 INFO  manager.ListenerWD - AfterFindElement by ---> By.id: engine
01:36:00.781 INFO  manager.ListenerWD - BeforeFindElement by ---> By.id: fuel
01:36:00.792 INFO  manager.ListenerWD - AfterFindElement by ---> By.id: fuel
01:36:00.851 INFO  manager.ListenerWD - BeforeFindElement by ---> By.id: gear
01:36:00.870 INFO  manager.ListenerWD - AfterFindElement by ---> By.id: gear
01:36:00.931 INFO  manager.ListenerWD - BeforeFindElement by ---> By.id: wheelsDrive
01:36:00.945 INFO  manager.ListenerWD - AfterFindElement by ---> By.id: wheelsDrive
01:36:01.013 INFO  manager.ListenerWD - BeforeFindElement by ---> By.id: doors
01:36:01.028 INFO  manager.ListenerWD - AfterFindElement by ---> By.id: doors
01:36:01.126 INFO  manager.ListenerWD - BeforeFindElement by ---> By.id: seats
01:36:01.145 INFO  manager.ListenerWD - AfterFindElement by ---> By.id: seats
01:36:01.253 INFO  manager.ListenerWD - BeforeFindElement by ---> By.id: class
01:36:01.272 INFO  manager.ListenerWD - AfterFindElement by ---> By.id: class
01:36:01.365 INFO  manager.ListenerWD - BeforeFindElement by ---> By.id: fuelConsumption
01:36:01.376 INFO  manager.ListenerWD - AfterFindElement by ---> By.id: fuelConsumption
01:36:01.480 INFO  manager.ListenerWD - BeforeFindElement by ---> By.id: serialNumber
01:36:01.497 INFO  manager.ListenerWD - AfterFindElement by ---> By.id: serialNumber
01:36:01.594 INFO  manager.ListenerWD - BeforeFindElement by ---> By.id: price
01:36:01.602 INFO  manager.ListenerWD - AfterFindElement by ---> By.id: price
01:36:01.691 INFO  manager.ListenerWD - BeforeFindElement by ---> By.id: distance
01:36:01.711 INFO  manager.ListenerWD - AfterFindElement by ---> By.id: distance
01:36:01.814 INFO  manager.ListenerWD - BeforeFindElement by ---> By.cssSelector: .feature-input
01:36:01.827 INFO  manager.ListenerWD - AfterFindElement by ---> By.cssSelector: .feature-input
01:36:01.910 INFO  manager.ListenerWD - BeforeFindElement by ---> By.id: about
01:36:01.920 INFO  manager.ListenerWD - AfterFindElement by ---> By.id: about
01:36:01.994 INFO  TestBase - Car: Car(location=Haifa,Israel, make=BMW, model=M5, year=2020, engine=2.5, fuel=Petrol, gear=AT, wD=AWD, doors=5, seats=4, clasS=C, fuelConsumption=6.5, carRegistrationNumber=123-123-125, price=65, distanceIncluded=5, features=800, about=Type of features)
01:36:01.994 INFO  manager.ListenerWD - BeforeFindElement by ---> By.id: photos
01:36:02.006 INFO  manager.ListenerWD - AfterFindElement by ---> By.id: photos
01:36:02.038 INFO  manager.ListenerWD - BeforeFindElement by ---> By.cssSelector: button[type='submit']
01:36:02.052 INFO  manager.ListenerWD - AfterFindElement by ---> By.cssSelector: button[type='submit']
01:36:03.168 INFO  manager.ListenerWD - BeforeFindElement by ---> By.cssSelector: button[type='submit']
01:36:03.187 INFO  manager.ListenerWD - AfterFindElement by ---> By.cssSelector: button[type='submit']
01:36:03.219 INFO  manager.ListenerWD - BeforeFindElement by ---> By.cssSelector: div.dialog-container
01:36:04.293 INFO  manager.ListenerWD - AfterFindElement by ---> By.cssSelector: div.dialog-container
01:36:04.310 INFO  manager.ListenerWD - BeforeFindElement by ---> By.cssSelector: div.dialog-container>h1
01:36:04.328 INFO  manager.ListenerWD - AfterFindElement by ---> By.cssSelector: div.dialog-container>h1
01:36:04.347 INFO  TestBase - ASSERT passed: 'Car added' title message is appear 
01:36:04.349 INFO  manager.ListenerWD - BeforeFindElement by ---> By.xpath: //button[text()='Search cars']
01:36:04.365 INFO  manager.ListenerWD - AfterFindElement by ---> By.xpath: //button[text()='Search cars']
