00:54:47.942 INFO  manager.AppManager - Chrome driver was opened
00:54:49.585 INFO  manager.AppManager - Current URL is ---> https://ilcarro-1578153671498.web.app/search
00:54:49.620 INFO  TestBase - START TEST WITH NAME: searchAnyPeriod
00:54:49.623 INFO  manager.ListenerWD - BeforeFindElement by ---> By.id: city
00:54:49.646 INFO  manager.ListenerWD - AfterFindElement by ---> By.id: city
00:54:50.756 INFO  manager.ListenerWD - BeforeFindElement by ---> By.cssSelector: div.pac-item
00:54:51.272 INFO  manager.ListenerWD - AfterFindElement by ---> By.cssSelector: div.pac-item
00:54:51.310 INFO  manager.ListenerWD - BeforeFindElement by ---> By.cssSelector: [formcontrolname = 'dates']
00:54:51.326 INFO  manager.ListenerWD - AfterFindElement by ---> By.cssSelector: [formcontrolname = 'dates']
00:54:51.948 INFO  manager.ListenerWD - BeforeFindElement by ---> By.cssSelector: button[aria-label = 'Next month']
00:54:51.975 INFO  manager.ListenerWD - AfterFindElement by ---> By.cssSelector: button[aria-label = 'Next month']
00:54:52.022 INFO  manager.ListenerWD - BeforeFindElement by ---> By.cssSelector: button[aria-label = 'Next month']
00:54:52.034 INFO  manager.ListenerWD - AfterFindElement by ---> By.cssSelector: button[aria-label = 'Next month']
00:54:52.075 INFO  manager.ListenerWD - BeforeFindElement by ---> By.cssSelector: button[aria-label = 'Next month']
00:54:52.100 INFO  manager.ListenerWD - AfterFindElement by ---> By.cssSelector: button[aria-label = 'Next month']
00:54:52.134 INFO  manager.ListenerWD - BeforeFindElement by ---> By.xpath: //div[text()= ' 10 ']
00:54:52.154 INFO  manager.ListenerWD - AfterFindElement by ---> By.xpath: //div[text()= ' 10 ']
00:54:52.192 INFO  manager.ListenerWD - BeforeFindElement by ---> By.xpath: //div[text()= ' 15 ']
00:54:52.212 INFO  manager.ListenerWD - AfterFindElement by ---> By.xpath: //div[text()= ' 15 ']
00:54:52.252 INFO  manager.ListenerWD - BeforeFindElement by ---> By.cssSelector: button[type='submit']
00:54:52.275 INFO  manager.ListenerWD - AfterFindElement by ---> By.cssSelector: button[type='submit']
00:54:52.311 INFO  manager.ListenerWD - BeforeFindElement by ---> By.cssSelector: button[type='submit']
00:54:52.326 INFO  manager.ListenerWD - AfterFindElement by ---> By.cssSelector: button[type='submit']
00:54:52.397 INFO  manager.ListenerWD - BeforeFindElements by ---> By.cssSelector: .car-card
00:54:53.427 INFO  manager.ListenerWD - AfterFindElements by ---> By.cssSelector: .car-card
00:54:53.428 INFO  manager.ListenerWD - List size: 10
00:54:53.430 INFO  TestBase - ASSERT passed: 'Car count > 0
00:54:53.434 INFO  TestBase - START TEST WITH NAME: searchCurrentMonth
00:54:53.435 INFO  manager.ListenerWD - BeforeFindElement by ---> By.id: city
00:54:53.449 INFO  manager.ListenerWD - AfterFindElement by ---> By.id: city
00:54:54.613 INFO  manager.ListenerWD - BeforeFindElement by ---> By.cssSelector: div.pac-item
00:54:54.628 INFO  manager.ListenerWD - AfterFindElement by ---> By.cssSelector: div.pac-item
00:54:54.664 INFO  manager.ListenerWD - BeforeFindElement by ---> By.cssSelector: [formcontrolname = 'dates']
00:54:54.678 INFO  manager.ListenerWD - AfterFindElement by ---> By.cssSelector: [formcontrolname = 'dates']
00:54:55.307 INFO  manager.ListenerWD - BeforeFindElement by ---> By.xpath: //div[text()= ' 28 ']
00:54:55.325 INFO  manager.ListenerWD - AfterFindElement by ---> By.xpath: //div[text()= ' 28 ']
00:54:55.377 INFO  manager.ListenerWD - BeforeFindElement by ---> By.xpath: //div[text()= ' 30 ']
00:54:55.396 INFO  manager.ListenerWD - AfterFindElement by ---> By.xpath: //div[text()= ' 30 ']
00:54:55.440 INFO  manager.ListenerWD - BeforeFindElement by ---> By.cssSelector: button[type='submit']
00:54:55.451 INFO  manager.ListenerWD - AfterFindElement by ---> By.cssSelector: button[type='submit']
00:54:55.475 INFO  manager.ListenerWD - BeforeFindElement by ---> By.cssSelector: button[type='submit']
00:54:55.489 INFO  manager.ListenerWD - AfterFindElement by ---> By.cssSelector: button[type='submit']
00:54:55.532 INFO  manager.ListenerWD - BeforeFindElements by ---> By.cssSelector: .car-card
00:54:56.235 INFO  manager.ListenerWD - AfterFindElements by ---> By.cssSelector: .car-card
00:54:56.235 INFO  manager.ListenerWD - List size: 10
00:54:56.235 INFO  TestBase - ASSERT passed: 'Car count > 0
00:54:56.237 INFO  TestBase - START TEST WITH NAME: searchNextMonth
00:54:56.237 INFO  manager.ListenerWD - BeforeFindElement by ---> By.id: city
00:54:56.253 INFO  manager.ListenerWD - AfterFindElement by ---> By.id: city
00:54:57.394 INFO  manager.ListenerWD - BeforeFindElement by ---> By.cssSelector: div.pac-item
00:54:57.404 INFO  manager.ListenerWD - AfterFindElement by ---> By.cssSelector: div.pac-item
00:54:57.622 INFO  manager.ListenerWD - Error, method: click
00:54:57.628 INFO  manager.ListenerWD - Error, get cause: org.openqa.selenium.StaleElementReferenceException: stale element reference: element is not attached to the page document
  (Session info: chrome=106.0.5249.119)
For documentation on this error, please visit: https://selenium.dev/exceptions/#stale_element_reference
Build info: version: '4.4.0', revision: 'e5c75ed026a'
System info: host: 'LAPTOP-HLIIH7LJ', ip: '192.168.1.190', os.name: 'Windows 10', os.arch: 'amd64', os.version: '10.0', java.version: '11.0.16.1'
Driver info: org.openqa.selenium.chrome.ChromeDriver
Command: [700149cec4ca06780e3c91387764618a, clickElement {id=598db73f-e070-456c-ade4-c03e015b6c9a}]
Capabilities {acceptInsecureCerts: false, browserName: chrome, browserVersion: 106.0.5249.119, chrome: {chromedriverVersion: 106.0.5249.61 (511755355844..., userDataDir: C:\Users\marin\AppData\Loca...}, goog:chromeOptions: {debuggerAddress: localhost:65474}, networkConnectionEnabled: false, pageLoadStrategy: normal, platformName: WINDOWS, proxy: Proxy(), se:cdp: ws://localhost:65474/devtoo..., se:cdpVersion: 106.0.5249.119, setWindowRect: true, strictFileInteractability: false, timeouts: {implicit: 0, pageLoad: 300000, script: 30000}, unhandledPromptBehavior: dismiss and notify, webauthn:extension:credBlob: true, webauthn:extension:largeBlob: true, webauthn:virtualAuthenticators: true}
Element: [[ChromeDriver: chrome on WINDOWS (700149cec4ca06780e3c91387764618a)] -> css selector: div.pac-item]
Session ID: 700149cec4ca06780e3c91387764618a
00:54:57.629 INFO  manager.ListenerWD - Error, screenshot: src/test/ScreenShot/1667.png
00:54:57.637 INFO  TestBase - START TEST WITH NAME: typePeriodInPast
00:54:57.639 INFO  manager.ListenerWD - BeforeFindElement by ---> By.id: city
00:54:57.654 INFO  manager.ListenerWD - AfterFindElement by ---> By.id: city
00:54:58.879 INFO  manager.ListenerWD - BeforeFindElement by ---> By.cssSelector: div.pac-item
00:54:58.891 INFO  manager.ListenerWD - AfterFindElement by ---> By.cssSelector: div.pac-item
00:54:59.116 INFO  manager.ListenerWD - Error, method: click
00:54:59.117 INFO  manager.ListenerWD - Error, get cause: org.openqa.selenium.StaleElementReferenceException: stale element reference: element is not attached to the page document
  (Session info: chrome=106.0.5249.119)
For documentation on this error, please visit: https://selenium.dev/exceptions/#stale_element_reference
Build info: version: '4.4.0', revision: 'e5c75ed026a'
System info: host: 'LAPTOP-HLIIH7LJ', ip: '192.168.1.190', os.name: 'Windows 10', os.arch: 'amd64', os.version: '10.0', java.version: '11.0.16.1'
Driver info: org.openqa.selenium.chrome.ChromeDriver
Command: [700149cec4ca06780e3c91387764618a, clickElement {id=8da618be-bdba-4b45-a7b3-58c8a74eb881}]
Capabilities {acceptInsecureCerts: false, browserName: chrome, browserVersion: 106.0.5249.119, chrome: {chromedriverVersion: 106.0.5249.61 (511755355844..., userDataDir: C:\Users\marin\AppData\Loca...}, goog:chromeOptions: {debuggerAddress: localhost:65474}, networkConnectionEnabled: false, pageLoadStrategy: normal, platformName: WINDOWS, proxy: Proxy(), se:cdp: ws://localhost:65474/devtoo..., se:cdpVersion: 106.0.5249.119, setWindowRect: true, strictFileInteractability: false, timeouts: {implicit: 0, pageLoad: 300000, script: 30000}, unhandledPromptBehavior: dismiss and notify, webauthn:extension:credBlob: true, webauthn:extension:largeBlob: true, webauthn:virtualAuthenticators: true}
Element: [[ChromeDriver: chrome on WINDOWS (700149cec4ca06780e3c91387764618a)] -> css selector: div.pac-item]
Session ID: 700149cec4ca06780e3c91387764618a
00:54:59.117 INFO  manager.ListenerWD - Error, screenshot: src/test/ScreenShot/1672.png
